2013-05-14 09:11:35 [INFO] 


*********** welcome ******************

2013-05-14 09:11:35 [INFO] Usag:
2013-05-14 09:11:35 [INFO] train: java -cp onlineLabel.jar ir.hit.edu.ltp.parser.OnlinePos -train -trainFile train_file -dicFile dic_file -model model_file -iterator iterator -devFile dev_file [opt]-compress compressRetio [opt]-thread threadNum -clusterFile cluster_file
2013-05-14 09:11:35 [INFO] test:  java -cp onlineLabel.jar ir.hit.edu.ltp.parser.OnlinePos -test -model model_file -dicFile dic_file -testFile test_file -result result_file [opt]-thread threadNum -clusterFile cluster_file

2013-05-14 09:27:05 [INFO] 


*********** welcome ******************

2013-05-14 09:27:05 [INFO] Usag:
2013-05-14 09:27:05 [INFO] train: java -cp onlineLabel.jar ir.hit.edu.ltp.parser.OnlinePos -train -trainFile train_file -dicFile dic_file -model model_file -iterator iterator -devFile dev_file [opt]-compress compressRetio [opt]-thread threadNum -clusterFile cluster_file
2013-05-14 09:27:05 [INFO] test:  java -cp onlineLabel.jar ir.hit.edu.ltp.parser.OnlinePos -test -model model_file -dicFile dic_file -testFile test_file -result result_file [opt]-thread threadNum -clusterFile cluster_file

2013-05-14 09:27:16 [INFO] 


*********** welcome ******************

2013-05-14 09:27:16 [INFO] Usag:
2013-05-14 09:27:16 [INFO] train: java -cp onlineLabel.jar ir.hit.edu.ltp.parser.OnlinePos -train -trainFile train_file -dicFile dic_file -model model_file -iterator iterator -devFile dev_file [opt]-compress compressRetio [opt]-thread threadNum -clusterFile cluster_file
2013-05-14 09:27:16 [INFO] test:  java -cp onlineLabel.jar ir.hit.edu.ltp.parser.OnlinePos -test -model model_file -dicFile dic_file -testFile test_file -result result_file [opt]-thread threadNum -clusterFile cluster_file

2013-05-14 09:33:17 [INFO] load resource...
2013-05-14 09:33:20 [INFO] load resource over!
2013-05-14 09:33:20 [INFO] loading source time: 2 s

2013-05-14 09:33:20 [INFO] begin to test...
2013-05-14 09:33:22 [INFO] sentence 199
2013-05-14 09:33:23 [INFO] sentence 399
2013-05-14 09:33:24 [INFO] sentence 599
2013-05-14 09:33:27 [INFO] sentence 799
2013-05-14 09:33:27 [INFO] testing over!
2013-05-14 09:33:27 [INFO] testing time: 7 s

2013-05-14 09:35:01 [INFO] load resource...
2013-05-14 09:35:03 [INFO] load resource over!
2013-05-14 09:35:03 [INFO] loading source time: 2 s

2013-05-14 09:35:03 [INFO] begin to test...
2013-05-14 09:35:05 [INFO] sentence 199
2013-05-14 09:35:07 [INFO] sentence 399
2013-05-14 09:35:09 [INFO] sentence 599
2013-05-14 09:35:10 [INFO] sentence 799
2013-05-14 09:35:12 [INFO] sentence 999
2013-05-14 09:35:13 [INFO] sentence 1199
2013-05-14 09:35:16 [INFO] sentence 1399
2013-05-14 09:35:19 [INFO] sentence 1599
2013-05-14 09:35:22 [INFO] sentence 1799
2013-05-14 09:35:23 [INFO] testing over!
2013-05-14 09:35:23 [INFO] testing time: 20 s

2013-05-14 09:38:28 [INFO] load resource...
2013-05-14 09:38:30 [INFO] load resource over!
2013-05-14 09:38:30 [INFO] loading source time: 2 s

2013-05-14 09:38:30 [INFO] begin to test...
2013-05-14 09:38:32 [INFO] sentence 199
2013-05-14 09:38:34 [INFO] sentence 399
2013-05-14 09:38:36 [INFO] sentence 599
2013-05-14 09:38:37 [INFO] sentence 799
2013-05-14 09:38:39 [INFO] sentence 999
2013-05-14 09:38:41 [INFO] sentence 1199
2013-05-14 09:38:43 [INFO] sentence 1399
2013-05-14 09:38:46 [INFO] sentence 1599
2013-05-14 09:38:49 [INFO] sentence 1799
2013-05-14 09:38:51 [INFO] testing over!
2013-05-14 09:38:51 [INFO] testing time: 21 s

